#
# There is insufficient memory for the Java Runtime Environment to continue.
# Native memory allocation (mmap) failed to map 335544320 bytes. Error detail: G1 virtual space
# Possible reasons:
#   The system is out of physical RAM or swap space
#   This process is running with CompressedOops enabled, and the Java Heap may be blocking the growth of the native heap
# Possible solutions:
#   Reduce memory load on the system
#   Increase physical memory or swap space
#   Check if swap backing store is full
#   Decrease Java heap size (-Xmx/-Xms)
#   Decrease number of Java threads
#   Decrease Java thread stack sizes (-Xss)
#   Set larger code cache with -XX:ReservedCodeCacheSize=
#   JVM is running with Zero Based Compressed Oops mode in which the Java heap is
#     placed in the first 32GB address space. The Java Heap base address is the
#     maximum limit for the native heap growth. Please use -XX:HeapBaseMinAddress
#     to set the Java Heap base and to place the Java Heap above 32GB virtual address.
# This output file may be truncated or incomplete.
#
#  Out of Memory Error (os_windows.cpp:3616), pid=20244, tid=20164
#
# JRE version:  (21.0.4+7) (build )
# Java VM: OpenJDK 64-Bit Server VM (21.0.4+7-LTS, mixed mode, sharing, tiered, compressed oops, compressed class ptrs, g1 gc, windows-amd64)
# No core dump will be written. Minidumps are not enabled by default on client versions of Windows
#

---------------  S U M M A R Y ------------

Command Line: -Dnet.bytebuddy.agent.attacher.dump= net.bytebuddy.agent.Attacher com.sun.tools.attach.VirtualMachine 1304 C:\Users\igorn\.m2\repository\net\bytebuddy\byte-buddy-agent\1.14.18\byte-buddy-agent-1.14.18.jar false 

Host: 11th Gen Intel(R) Core(TM) i3-1115G4 @ 3.00GHz, 4 cores, 19G,  Windows 11 , 64 bit Build 22621 (10.0.22621.3958)
Time: Fri Nov  1 10:16:45 2024 Hora oficial do Brasil elapsed time: 0.019429 seconds (0d 0h 0m 0s)

---------------  T H R E A D  ---------------

Current thread (0x0000018b4f38ae50):  JavaThread "Unknown thread" [_thread_in_vm, id=20164, stack(0x000000688f200000,0x000000688f300000) (1024K)]

Stack: [0x000000688f200000,0x000000688f300000]
Native frames: (J=compiled Java code, j=interpreted, Vv=VM code, C=native code)
V  [jvm.dll+0x6cbcf9]
V  [jvm.dll+0x8a5551]
V  [jvm.dll+0x8a7a7e]
V  [jvm.dll+0x8a8153]
V  [jvm.dll+0x27eca6]
V  [jvm.dll+0x6c8445]
V  [jvm.dll+0x6bd13a]
V  [jvm.dll+0x354a0a]
V  [jvm.dll+0x35c5b6]
V  [jvm.dll+0x3adf3e]
V  [jvm.dll+0x3ae1e8]
V  [jvm.dll+0x328bcc]
V  [jvm.dll+0x32972b]
V  [jvm.dll+0x86e7b9]
V  [jvm.dll+0x3bac91]
V  [jvm.dll+0x857973]
V  [jvm.dll+0x44f32e]
V  [jvm.dll+0x450f71]
C  [jli.dll+0x5278]
C  [ucrtbase.dll+0x29333]
C  [KERNEL32.DLL+0x1257d]
C  [ntdll.dll+0x5af08]


---------------  P R O C E S S  ---------------

Threads class SMR info:
_java_thread_list=0x00007ff84e023088, length=0, elements={
}

Java Threads: ( => current thread )
Total: 0

Other Threads:
  0x0000018b516dc4b0 WorkerThread "GC Thread#0"                     [id=5492, stack(0x000000688f300000,0x000000688f400000) (1024K)]
  0x0000018b6f00a140 ConcurrentGCThread "G1 Main Marker"            [id=7928, stack(0x000000688f400000,0x000000688f500000) (1024K)]
  0x0000018b6f00ad00 WorkerThread "G1 Conc#0"                       [id=6084, stack(0x000000688f500000,0x000000688f600000) (1024K)]

[error occurred during error reporting (printing all threads), id 0xc0000005, EXCEPTION_ACCESS_VIOLATION (0xc0000005) at pc=0x00007ff84d72b4f7]
VM state: not at safepoint (not fully initialized)

VM Mutex/Monitor currently owned by a thread:  ([mutex/lock_event])
[0x00007ff84e097408] Heap_lock - owner thread: 0x0000018b4f38ae50

Heap address: 0x00000006c3400000, size: 5068 MB, Compressed Oops mode: Zero based, Oop shift amount: 3

CDS archive(s) mapped at: [0x0000000000000000-0x0000000000000000-0x0000000000000000), size 0, SharedBaseAddress: 0x0000000800000000, ArchiveRelocationMode: 1.
Narrow klass base: 0x0000000000000000, Narrow klass shift: 0, Narrow klass range: 0x0

GC Precious Log:
 CardTable entry size: 512
 Card Set container configuration: InlinePtr #cards 4 size 8 Array Of Cards #cards 32 size 80 Howl #buckets 8 coarsen threshold 7372 Howl Bitmap #cards 1024 size 144 coarsen threshold 921 Card regions per heap region 1 cards per card region 8192

Heap:
 garbage-first heap   total 0K, used 0K [0x00000006c3400000, 0x0000000800000000)
  region size 4096K, 0 young (0K), 0 survivors (0K)

[error occurred during error reporting (printing heap information), id 0xc0000005, EXCEPTION_ACCESS_VIOLATION (0xc0000005) at pc=0x00007ff84db15669]
GC Heap History (0 events):
No events

Dll operation events (1 events):
Event: 0.011 Loaded shared library C:\Uteis\Jdks\OpenJDK21U-jdk_x64_windows_hotspot_21.0.4_7\jdk-21.0.4+7\bin\java.dll

Deoptimization events (0 events):
No events

Classes loaded (0 events):
No events

Classes unloaded (0 events):
No events

Classes redefined (0 events):
No events

Internal exceptions (0 events):
No events

ZGC Phase Switch (0 events):
No events

VM Operations (0 events):
No events

Memory protections (0 events):
No events

Nmethod flushes (0 events):
No events

Events (0 events):
No events


Dynamic libraries:
0x00007ff61bbe0000 - 0x00007ff61bbee000 	C:\Uteis\Jdks\OpenJDK21U-jdk_x64_windows_hotspot_21.0.4_7\jdk-21.0.4+7\bin\java.exe
0x00007ff8ff3b0000 - 0x00007ff8ff5c7000 	C:\WINDOWS\SYSTEM32\ntdll.dll
0x00007ff8c6820000 - 0x00007ff8c683a000 	C:\Program Files\Avast Software\Avast\aswhook.dll
0x00007ff8fd9f0000 - 0x00007ff8fdab4000 	C:\WINDOWS\System32\KERNEL32.DLL
0x00007ff8fc7e0000 - 0x00007ff8fcb97000 	C:\WINDOWS\System32\KERNELBASE.dll
0x00007ff8fceb0000 - 0x00007ff8fcfc1000 	C:\WINDOWS\System32\ucrtbase.dll
0x00007ff8e6d60000 - 0x00007ff8e6d78000 	C:\Uteis\Jdks\OpenJDK21U-jdk_x64_windows_hotspot_21.0.4_7\jdk-21.0.4+7\bin\jli.dll
0x00007ff8fd270000 - 0x00007ff8fd41f000 	C:\WINDOWS\System32\USER32.dll
0x00007ff8fcc20000 - 0x00007ff8fcc46000 	C:\WINDOWS\System32\win32u.dll
0x00007ff8fee70000 - 0x00007ff8fee99000 	C:\WINDOWS\System32\GDI32.dll
0x00007ff8fc6c0000 - 0x00007ff8fc7d8000 	C:\WINDOWS\System32\gdi32full.dll
0x00007ff8fd040000 - 0x00007ff8fd0da000 	C:\WINDOWS\System32\msvcp_win.dll
0x00007ff8e6d10000 - 0x00007ff8e6d2b000 	C:\Uteis\Jdks\OpenJDK21U-jdk_x64_windows_hotspot_21.0.4_7\jdk-21.0.4+7\bin\VCRUNTIME140.dll
0x00007ff8daed0000 - 0x00007ff8db163000 	C:\WINDOWS\WinSxS\amd64_microsoft.windows.common-controls_6595b64144ccf1df_6.0.22621.3672_none_2713b9d173822955\COMCTL32.dll
0x00007ff8fd420000 - 0x00007ff8fd4c7000 	C:\WINDOWS\System32\msvcrt.dll
0x00007ff8fe920000 - 0x00007ff8fe951000 	C:\WINDOWS\System32\IMM32.DLL
0x00007ff8a9a20000 - 0x00007ff8a9b3a000 	C:\Program Files\Topaz OFD\Warsaw\wslbscr64.dll
0x00007ff8fd5a0000 - 0x00007ff8fd652000 	C:\WINDOWS\System32\ADVAPI32.dll
0x00007ff8fd4f0000 - 0x00007ff8fd598000 	C:\WINDOWS\System32\sechost.dll
0x00007ff8fcc50000 - 0x00007ff8fcc78000 	C:\WINDOWS\System32\bcrypt.dll
0x00007ff8fe3f0000 - 0x00007ff8fe504000 	C:\WINDOWS\System32\RPCRT4.dll
0x00007ff8fdac0000 - 0x00007ff8fe329000 	C:\WINDOWS\System32\SHELL32.dll
0x00007ff8fb820000 - 0x00007ff8fb854000 	C:\WINDOWS\SYSTEM32\ntmarta.dll
0x00007ff8c6710000 - 0x00007ff8c680a000 	C:\Program Files\Topaz OFD\Warsaw\wslbscrwh64.dll
0x00007ff8ec0d0000 - 0x00007ff8ec0dc000 	C:\Uteis\Jdks\OpenJDK21U-jdk_x64_windows_hotspot_21.0.4_7\jdk-21.0.4+7\bin\vcruntime140_1.dll
0x00007ff8dff20000 - 0x00007ff8dffae000 	C:\Uteis\Jdks\OpenJDK21U-jdk_x64_windows_hotspot_21.0.4_7\jdk-21.0.4+7\bin\msvcp140.dll
0x00007ff84d3f0000 - 0x00007ff84e178000 	C:\Uteis\Jdks\OpenJDK21U-jdk_x64_windows_hotspot_21.0.4_7\jdk-21.0.4+7\bin\server\jvm.dll
0x00007ff8fd140000 - 0x00007ff8fd1b1000 	C:\WINDOWS\System32\WS2_32.dll
0x00007ff8fc3e0000 - 0x00007ff8fc42d000 	C:\WINDOWS\SYSTEM32\POWRPROF.dll
0x00007ff8f2cf0000 - 0x00007ff8f2d24000 	C:\WINDOWS\SYSTEM32\WINMM.dll
0x00007ff8f64e0000 - 0x00007ff8f64ea000 	C:\WINDOWS\SYSTEM32\VERSION.dll
0x00007ff8fc3c0000 - 0x00007ff8fc3d3000 	C:\WINDOWS\SYSTEM32\UMPDC.dll
0x00007ff8fb710000 - 0x00007ff8fb728000 	C:\WINDOWS\SYSTEM32\kernel.appcore.dll
0x00007ff8ebfe0000 - 0x00007ff8ebfea000 	C:\Uteis\Jdks\OpenJDK21U-jdk_x64_windows_hotspot_21.0.4_7\jdk-21.0.4+7\bin\jimage.dll
0x00007ff8f9ee0000 - 0x00007ff8fa112000 	C:\WINDOWS\SYSTEM32\DBGHELP.DLL
0x00007ff8fea70000 - 0x00007ff8fedfe000 	C:\WINDOWS\System32\combase.dll
0x0000018b4f470000 - 0x0000018b4f547000 	C:\WINDOWS\System32\OLEAUT32.dll
0x00007ff8ef380000 - 0x00007ff8ef3b2000 	C:\WINDOWS\SYSTEM32\dbgcore.DLL
0x0000018b50d60000 - 0x0000018b50ddb000 	C:\WINDOWS\System32\bcryptPrimitives.dll
0x00007ff8e6a90000 - 0x00007ff8e6aaf000 	C:\Uteis\Jdks\OpenJDK21U-jdk_x64_windows_hotspot_21.0.4_7\jdk-21.0.4+7\bin\java.dll

dbghelp: loaded successfully - version: 4.0.5 - missing functions: none
symbol engine: initialized successfully - sym options: 0x614 - pdb path: .;C:\Uteis\Jdks\OpenJDK21U-jdk_x64_windows_hotspot_21.0.4_7\jdk-21.0.4+7\bin;C:\WINDOWS\SYSTEM32;C:\Program Files\Avast Software\Avast;C:\WINDOWS\WinSxS\amd64_microsoft.windows.common-controls_6595b64144ccf1df_6.0.22621.3672_none_2713b9d173822955;C:\Program Files\Topaz OFD\Warsaw;C:\Uteis\Jdks\OpenJDK21U-jdk_x64_windows_hotspot_21.0.4_7\jdk-21.0.4+7\bin\server

VM Arguments:
jvm_args: -Dnet.bytebuddy.agent.attacher.dump= 
java_command: net.bytebuddy.agent.Attacher com.sun.tools.attach.VirtualMachine 1304 C:\Users\igorn\.m2\repository\net\bytebuddy\byte-buddy-agent\1.14.18\byte-buddy-agent-1.14.18.jar false 
java_class_path (initial): C:\Users\igorn\.m2\repository\net\bytebuddy\byte-buddy-agent\1.14.18\byte-buddy-agent-1.14.18.jar
Launcher Type: SUN_STANDARD

[Global flags]
     intx CICompilerCount                          = 3                                         {product} {ergonomic}
     uint ConcGCThreads                            = 1                                         {product} {ergonomic}
     uint G1ConcRefinementThreads                  = 4                                         {product} {ergonomic}
   size_t G1HeapRegionSize                         = 4194304                                   {product} {ergonomic}
    uintx GCDrainStackTargetSize                   = 64                                        {product} {ergonomic}
   size_t InitialHeapSize                          = 335544320                                 {product} {ergonomic}
   size_t MarkStackSize                            = 4194304                                   {product} {ergonomic}
   size_t MaxHeapSize                              = 5314183168                                {product} {ergonomic}
   size_t MinHeapDeltaBytes                        = 4194304                                   {product} {ergonomic}
   size_t MinHeapSize                              = 8388608                                   {product} {ergonomic}
    uintx NonNMethodCodeHeapSize                   = 5832780                                {pd product} {ergonomic}
    uintx NonProfiledCodeHeapSize                  = 122912730                              {pd product} {ergonomic}
    uintx ProfiledCodeHeapSize                     = 122912730                              {pd product} {ergonomic}
    uintx ReservedCodeCacheSize                    = 251658240                              {pd product} {ergonomic}
     bool SegmentedCodeCache                       = true                                      {product} {ergonomic}
   size_t SoftMaxHeapSize                          = 5314183168                             {manageable} {ergonomic}
     bool UseCompressedOops                        = true                           {product lp64_product} {ergonomic}
     bool UseG1GC                                  = true                                      {product} {ergonomic}
     bool UseLargePagesIndividualAllocation        = false                                  {pd product} {ergonomic}

Logging:
Log output configuration:
 #0: stdout all=warning uptime,level,tags foldmultilines=false
 #1: stderr all=off uptime,level,tags foldmultilines=false

Environment Variables:
JAVA_HOME=C:\Program Files\Java\jdk-19
PATH=C:\Program Files\Common Files\Oracle\Java\javapath;C:\WINDOWS\system32;C:\WINDOWS;C:\WINDOWS\System32\Wbem;C:\WINDOWS\System32\WindowsPowerShell\v1.0\;C:\WINDOWS\System32\OpenSSH\;C:\Users\igorn\AppData\Local\Programs\Python\Python311\Scripts;C:\MinGW\bin;C:\Program Files\apache-maven-3.9.6\bin;C:\Program Files\Java\jdk-19\bin;c:\Users\igorn\AppData\Local\Programs\cursor\resources\app\bin;C:\Program Files\Docker\Docker\resources\bin;C:\Program Files\dotnet\;C:\Program Files\Git\cmd;C:\Program Files\nodejs\;C:\Program Files (x86)\Microsoft SQL Server\160\DTS\Binn\;C:\Program Files (x86)\Microsoft SQL Server\160\Tools\Binn\;C:\Program Files\Microsoft SQL Server\160\Tools\Binn\;C:\Program Files\Microsoft SQL Server\Client SDK\ODBC\170\Tools\Binn\;C:\Program Files\Microsoft SQL Server\160\DTS\Binn\;C:\Program Files\MySQL\MySQL Shell 8.0\bin\;C:\Users\igorn\AppData\Local\Programs\Python\Python311\Scripts\;C:\Users\igorn\AppData\Local\Programs\Python\Python311\;C:\Users\igorn\AppData\Local\Microsoft\WindowsApps;;C:\Users\igorn\AppData\Local\Programs\Microsoft VS Code\bin;C:\Program Files\JetBrains\IntelliJ IDEA 2023.2.4\bin;;C:\Users\igorn\AppData\Local\Programs\mongosh\;C:\Users\igorn\AppData\Local\Muse Hub\lib;C:\Users\igorn\AppData\Roaming\npm
USERNAME=igorn
OS=Windows_NT
PROCESSOR_IDENTIFIER=Intel64 Family 6 Model 140 Stepping 1, GenuineIntel
TMP=C:\Users\igorn\AppData\Local\Temp
TEMP=C:\Users\igorn\AppData\Local\Temp




Periodic native trim disabled

---------------  S Y S T E M  ---------------

OS:
 Windows 11 , 64 bit Build 22621 (10.0.22621.3958)
OS uptime: 0 days 2:26 hours
Hyper-V role detected

CPU: total 4 (initial active 4) (2 cores per cpu, 2 threads per core) family 6 model 140 stepping 1 microcode 0xaa, cx8, cmov, fxsr, ht, mmx, 3dnowpref, sse, sse2, sse3, ssse3, sse4.1, sse4.2, popcnt, lzcnt, tsc, tscinvbit, avx, avx2, aes, erms, clmul, bmi1, bmi2, adx, avx512f, avx512dq, avx512cd, avx512bw, avx512vl, sha, fma, vzeroupper, avx512_vpopcntdq, avx512_vpclmulqdq, avx512_vaes, avx512_vnni, clflush, clflushopt, clwb, avx512_vbmi2, avx512_vbmi, hv, rdtscp, rdpid, fsrm, gfni, avx512_bitalg, f16c, cet_ibt, cet_ss, avx512_ifma
Processor Information for all 4 processors :
  Max Mhz: 2995, Current Mhz: 2995, Mhz Limit: 2995

Memory: 4k page, system-wide physical 20263M (5247M free)
TotalPageFile size 20263M (AvailPageFile size 6M)
current process WorkingSet (physical memory assigned to process): 14M, peak: 14M
current process commit charge ("private bytes"): 53M, peak: 373M

vm_info: OpenJDK 64-Bit Server VM (21.0.4+7-LTS) for windows-amd64 JRE (21.0.4+7-LTS), built on 2024-07-16T00:00:00Z by "admin" with MS VC++ 17.7 (VS2022)

END.
